d:\repo\mimikatz_otcep\mimilib\x64\vc143.pdb
d:\repo\mimikatz_otcep\mimilib\x64\utils.obj
d:\repo\mimikatz_otcep\mimilib\x64\kwindbg.obj
d:\repo\mimikatz_otcep\mimilib\x64\kull_m_rpc_ms-credentialkeys.obj
d:\repo\mimikatz_otcep\mimilib\x64\kull_m_rpc.obj
d:\repo\mimikatz_otcep\mimilib\x64\kuhl_m_sekurlsa_utils.obj
d:\repo\mimikatz_otcep\mimilib\x64\kuhl_m_sekurlsa_packages.obj
d:\repo\mimikatz_otcep\mimilib\x64\kuhl_m_sekurlsa_nt6.obj
d:\repo\mimikatz_otcep\mimilib\x64\kcredentialprovider.obj
d:\repo\mimikatz_otcep\mimilib\x64\ksub.obj
d:\repo\mimikatz_otcep\mimilib\x64\kssp.obj
d:\repo\mimikatz_otcep\mimilib\x64\knp.obj
d:\repo\mimikatz_otcep\mimilib\x64\kfilt.obj
d:\repo\mimikatz_otcep\mimilib\x64\kdns.obj
d:\repo\mimikatz_otcep\mimilib\x64\kdhcp.obj
d:\repo\mimikatz_otcep\mimilib\x64\kappfree.obj
d:\repo\mimikatz_otcep\x64\mimilib.dll
d:\repo\mimikatz_otcep\mimilib\x64\mimilib.res
d:\repo\mimikatz_otcep\x64\mimilib.lib
d:\repo\mimikatz_otcep\x64\mimilib.exp
d:\repo\mimikatz_otcep\mimilib\x64\mimilib.iobj
d:\repo\mimikatz_otcep\mimilib\x64\mimilib.tlog\cl.command.1.tlog
d:\repo\mimikatz_otcep\mimilib\x64\mimilib.tlog\cl.items.tlog
d:\repo\mimikatz_otcep\mimilib\x64\mimilib.tlog\cl.read.1.tlog
d:\repo\mimikatz_otcep\mimilib\x64\mimilib.tlog\cl.write.1.tlog
d:\repo\mimikatz_otcep\mimilib\x64\mimilib.tlog\link.command.1.tlog
d:\repo\mimikatz_otcep\mimilib\x64\mimilib.tlog\link.read.1.tlog
d:\repo\mimikatz_otcep\mimilib\x64\mimilib.tlog\link.secondary.1.tlog
d:\repo\mimikatz_otcep\mimilib\x64\mimilib.tlog\link.write.1.tlog
d:\repo\mimikatz_otcep\mimilib\x64\mimilib.tlog\rc.command.1.tlog
d:\repo\mimikatz_otcep\mimilib\x64\mimilib.tlog\rc.read.1.tlog
d:\repo\mimikatz_otcep\mimilib\x64\mimilib.tlog\rc.write.1.tlog
