d:\repo\mimikatz_otcep\mimikatz\x64\vc143.pdb
d:\repo\mimikatz_otcep\mimikatz\x64\kull_m_output.obj
d:\repo\mimikatz_otcep\mimikatz\x64\kull_m_minidump.obj
d:\repo\mimikatz_otcep\mimikatz\x64\kull_m_memory.obj
d:\repo\mimikatz_otcep\mimikatz\x64\kull_m_net.obj
d:\repo\mimikatz_otcep\mimikatz\x64\kull_m_ldap.obj
d:\repo\mimikatz_otcep\mimikatz\x64\kull_m_key.obj
d:\repo\mimikatz_otcep\mimikatz\x64\kull_m_kernel.obj
d:\repo\mimikatz_otcep\mimikatz\x64\kull_m_hid.obj
d:\repo\mimikatz_otcep\mimikatz\x64\kull_m_handle.obj
d:\repo\mimikatz_otcep\mimikatz\x64\kull_m_file.obj
d:\repo\mimikatz_otcep\mimikatz\x64\kull_m_dpapi.obj
d:\repo\mimikatz_otcep\mimikatz\x64\kull_m_crypto_sk.obj
d:\repo\mimikatz_otcep\mimikatz\x64\kull_m_crypto_remote.obj
d:\repo\mimikatz_otcep\mimikatz\x64\kull_m_crypto_ngc.obj
d:\repo\mimikatz_otcep\mimikatz\x64\kull_m_crypto.obj
d:\repo\mimikatz_otcep\mimikatz\x64\kull_m_cred.obj
d:\repo\mimikatz_otcep\mimikatz\x64\kull_m_cabinet.obj
d:\repo\mimikatz_otcep\mimikatz\x64\kull_m_busylight.obj
d:\repo\mimikatz_otcep\mimikatz\x64\kull_m_asn1.obj
d:\repo\mimikatz_otcep\mimikatz\x64\kull_m_acr.obj
d:\repo\mimikatz_otcep\mimikatz\x64\kull_m_rpc_ms-nrpc_c.obj
d:\repo\mimikatz_otcep\mimikatz\x64\kull_m_rpc_ms-efsr_c.obj
d:\repo\mimikatz_otcep\mimikatz\x64\kull_m_rpc_ms-drsr_c.obj
d:\repo\mimikatz_otcep\mimikatz\x64\kull_m_rpc_ms-dcom_iobjectexporter_c.obj
d:\repo\mimikatz_otcep\mimikatz\x64\kull_m_rpc_ms-credentialkeys.obj
d:\repo\mimikatz_otcep\mimikatz\x64\kull_m_rpc_ms-claims.obj
d:\repo\mimikatz_otcep\mimikatz\x64\kull_m_rpc_ms-bkrp_c.obj
d:\repo\mimikatz_otcep\mimikatz\x64\kull_m_rpc_mimicom.obj
d:\repo\mimikatz_otcep\mimikatz\x64\kull_m_rpc_drsr.obj
d:\repo\mimikatz_otcep\mimikatz\x64\kull_m_rpc_dpapi-entries.obj
d:\repo\mimikatz_otcep\mimikatz\x64\kull_m_rpc_bkrp.obj
d:\repo\mimikatz_otcep\mimikatz\x64\kull_m_rpc.obj
d:\repo\mimikatz_otcep\mimikatz\x64\kull_m_sr98.obj
d:\repo\mimikatz_otcep\mimikatz\x64\kull_m_remotelib.obj
d:\repo\mimikatz_otcep\mimikatz\x64\kull_m_registry.obj
d:\repo\mimikatz_otcep\mimikatz\x64\kull_m_rdm.obj
d:\repo\mimikatz_otcep\mimikatz\x64\kull_m_process.obj
d:\repo\mimikatz_otcep\mimikatz\x64\kull_m_pn532.obj
d:\repo\mimikatz_otcep\mimikatz\x64\kull_m_pipe.obj
d:\repo\mimikatz_otcep\mimikatz\x64\kull_m_patch.obj
d:\repo\mimikatz_otcep\mimikatz\x64\kuhl_m_dpapi_keys.obj
d:\repo\mimikatz_otcep\mimikatz\x64\kuhl_m_dpapi_creds.obj
d:\repo\mimikatz_otcep\mimikatz\x64\kuhl_m_dpapi_cloudap.obj
d:\repo\mimikatz_otcep\mimikatz\x64\kuhl_m_dpapi_citrix.obj
d:\repo\mimikatz_otcep\mimikatz\x64\kuhl_m_dpapi_chrome.obj
d:\repo\mimikatz_otcep\mimikatz\x64\kuhl_m_dpapi_oe.obj
d:\repo\mimikatz_otcep\mimikatz\x64\kuhl_m_dpapi.obj
d:\repo\mimikatz_otcep\mimikatz\x64\kuhl_m_crypto_sc.obj
d:\repo\mimikatz_otcep\mimikatz\x64\kuhl_m_crypto_pki.obj
d:\repo\mimikatz_otcep\mimikatz\x64\kuhl_m_crypto_patch.obj
d:\repo\mimikatz_otcep\mimikatz\x64\kuhl_m_crypto_extractor.obj
d:\repo\mimikatz_otcep\mimikatz\x64\mimikatz.obj
d:\repo\mimikatz_otcep\mimikatz\x64\kull_m_rpc_ms-rprn.obj
d:\repo\mimikatz_otcep\mimikatz\x64\kull_m_rpc_ms-par_c.obj
d:\repo\mimikatz_otcep\mimikatz\x64\kull_m_xml.obj
d:\repo\mimikatz_otcep\mimikatz\x64\kull_m_token.obj
d:\repo\mimikatz_otcep\mimikatz\x64\kull_m_string.obj
d:\repo\mimikatz_otcep\mimikatz\x64\kull_m_service.obj
d:\repo\mimikatz_otcep\mimikatz\x64\kull_m_rpc_ms-pac.obj
d:\repo\mimikatz_otcep\mimikatz\x64\kull_m_rpc_ms-odj.obj
d:\repo\mimikatz_otcep\mimikatz\x64\kuhl_m_misc.obj
d:\repo\mimikatz_otcep\mimikatz\x64\kuhl_m_lsadump_remote.obj
d:\repo\mimikatz_otcep\mimikatz\x64\kuhl_m_lsadump.obj
d:\repo\mimikatz_otcep\mimikatz\x64\kuhl_m_kernel.obj
d:\repo\mimikatz_otcep\mimikatz\x64\kuhl_m_iis.obj
d:\repo\mimikatz_otcep\mimikatz\x64\kuhl_m_event.obj
d:\repo\mimikatz_otcep\mimikatz\x64\kuhl_m_crypto.obj
d:\repo\mimikatz_otcep\mimikatz\x64\kuhl_m_busylight.obj
d:\repo\mimikatz_otcep\mimikatz\x64\kuhl_m_acr.obj
d:\repo\mimikatz_otcep\mimikatz\x64\kuhl_m_kerberos_ticket.obj
d:\repo\mimikatz_otcep\mimikatz\x64\kuhl_m_kerberos_pac.obj
d:\repo\mimikatz_otcep\mimikatz\x64\kuhl_m_kerberos_claims.obj
d:\repo\mimikatz_otcep\mimikatz\x64\kuhl_m_kerberos_ccache.obj
d:\repo\mimikatz_otcep\mimikatz\x64\kuhl_m_kerberos.obj
d:\repo\mimikatz_otcep\mimikatz\x64\kuhl_m_dpapi_wlan.obj
d:\repo\mimikatz_otcep\mimikatz\x64\kuhl_m_dpapi_ssh.obj
d:\repo\mimikatz_otcep\mimikatz\x64\kuhl_m_dpapi_sccm.obj
d:\repo\mimikatz_otcep\mimikatz\x64\kuhl_m_dpapi_rdg.obj
d:\repo\mimikatz_otcep\mimikatz\x64\kuhl_m_dpapi_powershell.obj
d:\repo\mimikatz_otcep\mimikatz\x64\kuhl_m_dpapi_lunahsm.obj
d:\repo\mimikatz_otcep\mimikatz\x64\kuhl_m_sekurlsa_nt5.obj
d:\repo\mimikatz_otcep\mimikatz\x64\kuhl_m_ngc.obj
d:\repo\mimikatz_otcep\mimikatz\x64\kuhl_m_misc_djoin.obj
d:\repo\mimikatz_otcep\mimikatz\x64\kuhl_m_misc_citrix.obj
d:\repo\mimikatz_otcep\mimikatz\x64\kuhl_m_lsadump_dc.obj
d:\repo\mimikatz_otcep\mimikatz\x64\kuhl_m_minesweeper.obj
d:\repo\mimikatz_otcep\mimikatz\x64\kuhl_m_vault.obj
d:\repo\mimikatz_otcep\mimikatz\x64\kuhl_m_ts.obj
d:\repo\mimikatz_otcep\mimikatz\x64\kuhl_m_token.obj
d:\repo\mimikatz_otcep\mimikatz\x64\kuhl_m_sysenvvalue.obj
d:\repo\mimikatz_otcep\mimikatz\x64\kuhl_m_standard.obj
d:\repo\mimikatz_otcep\mimikatz\x64\kuhl_m_sid.obj
d:\repo\mimikatz_otcep\mimikatz\x64\kuhl_m_service_remote.obj
d:\repo\mimikatz_otcep\mimikatz\x64\kuhl_m_service.obj
d:\repo\mimikatz_otcep\mimikatz\x64\kuhl_m_rpc.obj
d:\repo\mimikatz_otcep\mimikatz\x64\kuhl_m_sr98.obj
d:\repo\mimikatz_otcep\mimikatz\x64\kuhl_m_rdm.obj
d:\repo\mimikatz_otcep\mimikatz\x64\kuhl_m_process.obj
d:\repo\mimikatz_otcep\mimikatz\x64\kuhl_m_privilege.obj
d:\repo\mimikatz_otcep\mimikatz\x64\kuhl_m_net.obj
d:\repo\mimikatz_otcep\mimikatz\x64\kuhl_m_sekurlsa_wdigest.obj
d:\repo\mimikatz_otcep\mimikatz\x64\kuhl_m_sekurlsa_tspkg.obj
d:\repo\mimikatz_otcep\mimikatz\x64\kuhl_m_sekurlsa_ssp.obj
d:\repo\mimikatz_otcep\mimikatz\x64\kuhl_m_sekurlsa_msv1_0.obj
d:\repo\mimikatz_otcep\mimikatz\x64\kuhl_m_sekurlsa_livessp.obj
d:\repo\mimikatz_otcep\mimikatz\x64\kuhl_m_sekurlsa_kerberos.obj
d:\repo\mimikatz_otcep\mimikatz\x64\kuhl_m_sekurlsa_dpapi.obj
d:\repo\mimikatz_otcep\mimikatz\x64\kuhl_m_sekurlsa_credman.obj
d:\repo\mimikatz_otcep\mimikatz\x64\kuhl_m_sekurlsa_cloudap.obj
d:\repo\mimikatz_otcep\mimikatz\x64\kuhl_m_sekurlsa_utils.obj
d:\repo\mimikatz_otcep\mimikatz\x64\kuhl_m_sekurlsa_sk.obj
d:\repo\mimikatz_otcep\mimikatz\x64\kuhl_m_sekurlsa.obj
d:\repo\mimikatz_otcep\mimikatz\x64\kuhl_m_sekurlsa_nt6.obj
d:\repo\mimikatz_otcep\mimikatz\x64\sqlite3.obj
d:\repo\mimikatz_otcep\x64\mimikatz.exe
d:\repo\mimikatz_otcep\mimikatz\x64\mimikatz.res
d:\repo\mimikatz_otcep\mimikatz\x64\mimikatz.iobj
d:\repo\mimikatz_otcep\mimikatz\x64\mimikatz.tlog\cl.command.1.tlog
d:\repo\mimikatz_otcep\mimikatz\x64\mimikatz.tlog\cl.items.tlog
d:\repo\mimikatz_otcep\mimikatz\x64\mimikatz.tlog\cl.read.1.tlog
d:\repo\mimikatz_otcep\mimikatz\x64\mimikatz.tlog\cl.write.1.tlog
d:\repo\mimikatz_otcep\mimikatz\x64\mimikatz.tlog\link.command.1.tlog
d:\repo\mimikatz_otcep\mimikatz\x64\mimikatz.tlog\link.read.1.tlog
d:\repo\mimikatz_otcep\mimikatz\x64\mimikatz.tlog\link.secondary.1.tlog
d:\repo\mimikatz_otcep\mimikatz\x64\mimikatz.tlog\link.write.1.tlog
d:\repo\mimikatz_otcep\mimikatz\x64\mimikatz.tlog\rc.command.1.tlog
d:\repo\mimikatz_otcep\mimikatz\x64\mimikatz.tlog\rc.read.1.tlog
d:\repo\mimikatz_otcep\mimikatz\x64\mimikatz.tlog\rc.write.1.tlog
